[debug] [2023-02-22T18:31:15.217Z] ----------------------------------------------------------------------
[debug] [2023-02-22T18:31:15.220Z] Command:       C:\Users\ARSHAD~1\AppData\Local\Temp\SC514F~1\firebase-tools-instant-win.exe C:\Users\Arshad Mapari\.cache\firebase\tools\lib\node_modules\firebase-tools\lib\bin\firebase init
[debug] [2023-02-22T18:31:15.220Z] CLI Version:   11.23.1
[debug] [2023-02-22T18:31:15.220Z] Platform:      win32
[debug] [2023-02-22T18:31:15.220Z] Node Version:  v16.16.0
[debug] [2023-02-22T18:31:15.221Z] Time:          Thu Feb 23 2023 00:01:15 GMT+0530 (India Standard Time)
[debug] [2023-02-22T18:31:15.222Z] ----------------------------------------------------------------------
[debug] 
[debug] [2023-02-22T18:31:15.230Z] > command requires scopes: ["email","openid","https://www.googleapis.com/auth/cloudplatformprojects.readonly","https://www.googleapis.com/auth/firebase","https://www.googleapis.com/auth/cloud-platform"]
[debug] [2023-02-22T18:31:15.231Z] > authorizing via signed-in user (arshadhm200@gmail.com)
[info] 
     ######## #### ########  ######## ########     ###     ######  ########
     ##        ##  ##     ## ##       ##     ##  ##   ##  ##       ##
     ######    ##  ########  ######   ########  #########  ######  ######
     ##        ##  ##    ##  ##       ##     ## ##     ##       ## ##
     ##       #### ##     ## ######## ########  ##     ##  ######  ########

You're about to initialize a Firebase project in this directory:

  C:\Backend\ToDoList

Before we get started, keep in mind:

  * You are currently outside your home directory

